<?xml version="1.0" encoding="UTF-8"?>
<!-- Generated by org.testng.reporters.JUnitXMLReporter -->
<testsuite hostname="ind126.local" ignored="0" name="Test" tests="4" failures="0" timestamp="22 May 2018 06:52:33 GMT" time="1378.733" errors="0">
  <testcase name="feature" time="155.232" classname="cucumber.api.testng.AbstractTestNGCucumberTests"/>
  <testcase name="feature" time="439.103" classname="cucumber.api.testng.AbstractTestNGCucumberTests"/>
  <testcase name="feature" time="355.823" classname="cucumber.api.testng.AbstractTestNGCucumberTests"/>
  <testcase name="feature" time="386.963" classname="cucumber.api.testng.AbstractTestNGCucumberTests"/>
</testsuite> <!-- Test -->
