<?xml version="1.0" encoding="UTF-8"?>
<!-- Generated by org.testng.reporters.JUnitXMLReporter -->
<testsuite hostname="ind126.local" ignored="0" name="Test" tests="4" failures="0" timestamp="24 May 2018 12:55:07 GMT" time="1614.971" errors="0">
  <testcase name="feature" time="190.328" classname="cucumber.api.testng.AbstractTestNGCucumberTests"/>
  <testcase name="feature" time="457.732" classname="cucumber.api.testng.AbstractTestNGCucumberTests"/>
  <testcase name="feature" time="532.373" classname="cucumber.api.testng.AbstractTestNGCucumberTests"/>
  <testcase name="feature" time="418.796" classname="cucumber.api.testng.AbstractTestNGCucumberTests"/>
</testsuite> <!-- Test -->
