<?xml version="1.0" encoding="UTF-8"?>
<testng-results skipped="0" failed="0" ignored="0" total="2" passed="2">
  <reporter-output>
  </reporter-output>
  <suite name="Suite" duration-ms="286974" started-at="2018-04-23T09:12:32Z" finished-at="2018-04-23T09:17:19Z">
    <groups>
      <group name="cucumber">
        <method signature="AbstractTestNGCucumberTests.feature(cucumber.api.testng.CucumberFeatureWrapper)[pri:0, instance:com.quickee.steps.RunCuke@735f7ae5]" name="feature" class="cucumber.api.testng.AbstractTestNGCucumberTests"/>
      </group> <!-- cucumber -->
    </groups>
    <test name="Test" duration-ms="286974" started-at="2018-04-23T09:12:32Z" finished-at="2018-04-23T09:17:19Z">
      <class name="com.quickee.steps.RunCuke">
        <test-method status="PASS" signature="setUpClass()[pri:0, instance:com.quickee.steps.RunCuke@735f7ae5]" name="setUpClass" is-config="true" duration-ms="468" started-at="2018-04-23T14:42:32Z" finished-at="2018-04-23T14:42:32Z">
          <reporter-output>
          </reporter-output>
        </test-method> <!-- setUpClass -->
        <test-method status="PASS" signature="setup()[pri:0, instance:com.quickee.steps.RunCuke@735f7ae5]" name="setup" is-config="true" duration-ms="453" started-at="2018-04-23T14:42:32Z" finished-at="2018-04-23T14:42:33Z">
          <reporter-output>
          </reporter-output>
        </test-method> <!-- setup -->
        <test-method status="PASS" signature="feature(cucumber.api.testng.CucumberFeatureWrapper)[pri:0, instance:com.quickee.steps.RunCuke@735f7ae5]" name="feature" duration-ms="168746" started-at="2018-04-23T14:42:33Z" description="Runs Cucumber Feature" data-provider="features" finished-at="2018-04-23T14:45:22Z">
          <params>
            <param index="0">
              <value>
                <![CDATA[Acceptance Testing is check Login and Logout functionality is working fine]]>
              </value>
            </param>
          </params>
          <reporter-output>
          </reporter-output>
        </test-method> <!-- feature -->
        <test-method status="PASS" signature="feature(cucumber.api.testng.CucumberFeatureWrapper)[pri:0, instance:com.quickee.steps.RunCuke@735f7ae5]" name="feature" duration-ms="116904" started-at="2018-04-23T14:45:22Z" description="Runs Cucumber Feature" data-provider="features" finished-at="2018-04-23T14:47:19Z">
          <params>
            <param index="0">
              <value>
                <![CDATA[Acceptance Testing is check upload profile picture functioanlity is working fine]]>
              </value>
            </param>
          </params>
          <reporter-output>
          </reporter-output>
        </test-method> <!-- feature -->
        <test-method status="PASS" signature="tearDownClass()[pri:0, instance:com.quickee.steps.RunCuke@735f7ae5]" name="tearDownClass" is-config="true" duration-ms="213" started-at="2018-04-23T14:47:19Z" finished-at="2018-04-23T14:47:19Z">
          <reporter-output>
          </reporter-output>
        </test-method> <!-- tearDownClass -->
      </class> <!-- com.quickee.steps.RunCuke -->
    </test> <!-- Test -->
  </suite> <!-- Suite -->
</testng-results>
