<?xml version="1.0" encoding="UTF-8"?>
<testng-results skipped="0" failed="0" ignored="0" total="1" passed="1">
  <reporter-output>
  </reporter-output>
  <suite name="Suite" duration-ms="363313" started-at="2018-05-18T13:20:13Z" finished-at="2018-05-18T13:26:16Z">
    <groups>
      <group name="cucumber">
        <method signature="AbstractTestNGCucumberTests.feature(cucumber.api.testng.CucumberFeatureWrapper)[pri:0, instance:com.quickee.steps.RunCuke@2d554825]" name="feature" class="cucumber.api.testng.AbstractTestNGCucumberTests"/>
      </group> <!-- cucumber -->
    </groups>
    <test name="Test" duration-ms="363313" started-at="2018-05-18T13:20:13Z" finished-at="2018-05-18T13:26:16Z">
      <class name="com.quickee.steps.RunCuke">
        <test-method status="PASS" signature="setUpClass()[pri:0, instance:com.quickee.steps.RunCuke@2d554825]" name="setUpClass" is-config="true" duration-ms="628" started-at="2018-05-18T18:50:13Z" finished-at="2018-05-18T18:50:13Z">
          <reporter-output>
          </reporter-output>
        </test-method> <!-- setUpClass -->
        <test-method status="PASS" signature="setup()[pri:0, instance:com.quickee.steps.RunCuke@2d554825]" name="setup" is-config="true" duration-ms="482" started-at="2018-05-18T18:50:13Z" finished-at="2018-05-18T18:50:14Z">
          <reporter-output>
          </reporter-output>
        </test-method> <!-- setup -->
        <test-method status="PASS" signature="feature(cucumber.api.testng.CucumberFeatureWrapper)[pri:0, instance:com.quickee.steps.RunCuke@2d554825]" name="feature" duration-ms="203938" started-at="2018-05-18T18:50:14Z" description="Runs Cucumber Feature" data-provider="features" finished-at="2018-05-18T18:53:38Z">
          <params>
            <param index="0">
              <value>
                <![CDATA[Acceptance Testing of Hitting Like, Dislike and adding Comment to the Quickee Post]]>
              </value>
            </param>
          </params>
          <reporter-output>
          </reporter-output>
        </test-method> <!-- feature -->
        <test-method status="PASS" signature="sendmail()[pri:0, instance:com.quickee.steps.RunCuke@2d554825]" name="sendmail" is-config="true" duration-ms="157671" started-at="2018-05-18T18:53:38Z" finished-at="2018-05-18T18:56:16Z">
          <reporter-output>
          </reporter-output>
        </test-method> <!-- sendmail -->
        <test-method status="PASS" signature="tearDownClass()[pri:0, instance:com.quickee.steps.RunCuke@2d554825]" name="tearDownClass" is-config="true" duration-ms="297" started-at="2018-05-18T18:56:16Z" finished-at="2018-05-18T18:56:16Z">
          <reporter-output>
          </reporter-output>
        </test-method> <!-- tearDownClass -->
      </class> <!-- com.quickee.steps.RunCuke -->
    </test> <!-- Test -->
  </suite> <!-- Suite -->
</testng-results>
