<?xml version="1.0" encoding="UTF-8"?>
<testng-results skipped="0" failed="2" ignored="0" total="4" passed="2">
  <reporter-output>
  </reporter-output>
  <suite name="Suite" duration-ms="2924873" started-at="2018-05-30T07:09:04Z" finished-at="2018-05-30T07:57:49Z">
    <groups>
      <group name="cucumber">
        <method signature="AbstractTestNGCucumberTests.feature(cucumber.api.testng.CucumberFeatureWrapper)[pri:0, instance:com.quickee.steps.RunCuke@2d554825]" name="feature" class="cucumber.api.testng.AbstractTestNGCucumberTests"/>
      </group> <!-- cucumber -->
    </groups>
    <test name="Test" duration-ms="2924873" started-at="2018-05-30T07:09:04Z" finished-at="2018-05-30T07:57:49Z">
      <class name="com.quickee.steps.RunCuke">
        <test-method status="PASS" signature="setUpClass()[pri:0, instance:com.quickee.steps.RunCuke@2d554825]" name="setUpClass" is-config="true" duration-ms="1658" started-at="2018-05-30T12:39:05Z" finished-at="2018-05-30T12:39:06Z">
          <reporter-output>
          </reporter-output>
        </test-method> <!-- setUpClass -->
        <test-method status="PASS" signature="setup()[pri:0, instance:com.quickee.steps.RunCuke@2d554825]" name="setup" is-config="true" duration-ms="6533" started-at="2018-05-30T12:39:06Z" finished-at="2018-05-30T12:39:13Z">
          <reporter-output>
          </reporter-output>
        </test-method> <!-- setup -->
        <test-method status="PASS" signature="feature(cucumber.api.testng.CucumberFeatureWrapper)[pri:0, instance:com.quickee.steps.RunCuke@2d554825]" name="feature" duration-ms="611755" started-at="2018-05-30T12:39:13Z" description="Runs Cucumber Feature" data-provider="features" finished-at="2018-05-30T12:49:25Z">
          <params>
            <param index="0">
              <value>
                <![CDATA[Acceptance testing for Login functionality with both Valid and Invalid User Credentials.]]>
              </value>
            </param>
          </params>
          <reporter-output>
          </reporter-output>
        </test-method> <!-- feature -->
        <test-method status="FAIL" signature="feature(cucumber.api.testng.CucumberFeatureWrapper)[pri:0, instance:com.quickee.steps.RunCuke@2d554825]" name="feature" duration-ms="466175" started-at="2018-05-30T12:49:25Z" description="Runs Cucumber Feature" data-provider="features" finished-at="2018-05-30T12:57:11Z">
          <params>
            <param index="0">
              <value>
                <![CDATA[Acceptance testing of Quickee Post by Creating, Editing a post.]]>
              </value>
            </param>
          </params>
          <exception class="cucumber.runtime.CucumberException">
            <message>
              <![CDATA[org.openqa.selenium.NoSuchElementException: Can't locate an element by this strategy: Locator map: 
- native content: "By.xpath: (//XCUIElementTypeOther[@name="TabBarItem_AccessibilityLabel"])[4]" 
- html content: "by id or name "profile""
For documentation on this error, please visit: http://seleniumhq.org/exceptions/no_such_element.html
Build info: version: '2.53.0', revision: '35ae25b1534ae328c771e0856c93e187490ca824', time: '2016-03-15 10:43:46'
System info: host: 'ind126.local', ip: '10.2.6.73', os.name: 'Mac OS X', os.arch: 'x86_64', os.version: '10.11.6', java.version: '1.8.0_161'
Driver info: driver.version: SharedDriver]]>
            </message>
            <full-stacktrace>
              <![CDATA[cucumber.runtime.CucumberException: org.openqa.selenium.NoSuchElementException: Can't locate an element by this strategy: Locator map: 
- native content: "By.xpath: (//XCUIElementTypeOther[@name="TabBarItem_AccessibilityLabel"])[4]" 
- html content: "by id or name "profile""
For documentation on this error, please visit: http://seleniumhq.org/exceptions/no_such_element.html
Build info: version: '2.53.0', revision: '35ae25b1534ae328c771e0856c93e187490ca824', time: '2016-03-15 10:43:46'
System info: host: 'ind126.local', ip: '10.2.6.73', os.name: 'Mac OS X', os.arch: 'x86_64', os.version: '10.11.6', java.version: '1.8.0_161'
Driver info: driver.version: SharedDriver
	at cucumber.api.testng.TestNGCucumberRunner.runCucumber(TestNGCucumberRunner.java:69)
	at cucumber.api.testng.AbstractTestNGCucumberTests.feature(AbstractTestNGCucumberTests.java:21)
	at sun.reflect.NativeMethodAccessorImpl.invoke0(Native Method)
	at sun.reflect.NativeMethodAccessorImpl.invoke(NativeMethodAccessorImpl.java:62)
	at sun.reflect.DelegatingMethodAccessorImpl.invoke(DelegatingMethodAccessorImpl.java:43)
	at java.lang.reflect.Method.invoke(Method.java:498)
	at org.testng.internal.MethodInvocationHelper.invokeMethod(MethodInvocationHelper.java:108)
	at org.testng.internal.Invoker.invokeMethod(Invoker.java:661)
	at org.testng.internal.Invoker.invokeTestMethod(Invoker.java:869)
	at org.testng.internal.Invoker.invokeTestMethods(Invoker.java:1193)
	at org.testng.internal.TestMethodWorker.invokeTestMethods(TestMethodWorker.java:126)
	at org.testng.internal.TestMethodWorker.run(TestMethodWorker.java:109)
	at org.testng.TestRunner.privateRun(TestRunner.java:744)
	at org.testng.TestRunner.run(TestRunner.java:602)
	at org.testng.SuiteRunner.runTest(SuiteRunner.java:380)
	at org.testng.SuiteRunner.runSequentially(SuiteRunner.java:375)
	at org.testng.SuiteRunner.privateRun(SuiteRunner.java:340)
	at org.testng.SuiteRunner.run(SuiteRunner.java:289)
	at org.testng.SuiteRunnerWorker.runSuite(SuiteRunnerWorker.java:52)
	at org.testng.SuiteRunnerWorker.run(SuiteRunnerWorker.java:86)
	at org.testng.TestNG.runSuitesSequentially(TestNG.java:1301)
	at org.testng.TestNG.runSuitesLocally(TestNG.java:1226)
	at org.testng.TestNG.runSuites(TestNG.java:1144)
	at org.testng.TestNG.run(TestNG.java:1115)
	at org.apache.maven.surefire.testng.TestNGExecutor.run(TestNGExecutor.java:295)
	at org.apache.maven.surefire.testng.TestNGXmlTestSuite.execute(TestNGXmlTestSuite.java:84)
	at org.apache.maven.surefire.testng.TestNGProvider.invoke(TestNGProvider.java:90)
	at org.apache.maven.surefire.booter.ForkedBooter.invokeProviderInSameClassLoader(ForkedBooter.java:203)
	at org.apache.maven.surefire.booter.ForkedBooter.runSuitesInProcess(ForkedBooter.java:155)
	at org.apache.maven.surefire.booter.ForkedBooter.main(ForkedBooter.java:103)
Caused by: org.openqa.selenium.NoSuchElementException: Can't locate an element by this strategy: Locator map: 
- native content: "By.xpath: (//XCUIElementTypeOther[@name="TabBarItem_AccessibilityLabel"])[4]" 
- html content: "by id or name "profile""
For documentation on this error, please visit: http://seleniumhq.org/exceptions/no_such_element.html
Build info: version: '2.53.0', revision: '35ae25b1534ae328c771e0856c93e187490ca824', time: '2016-03-15 10:43:46'
System info: host: 'ind126.local', ip: '10.2.6.73', os.name: 'Mac OS X', os.arch: 'x86_64', os.version: '10.11.6', java.version: '1.8.0_161'
Driver info: driver.version: SharedDriver
	at io.appium.java_client.pagefactory.AppiumElementLocator.findElement(AppiumElementLocator.java:110)
	at io.appium.java_client.pagefactory.interceptors.InterceptorOfASingleElement.intercept(InterceptorOfASingleElement.java:57)
	at io.appium.java_client.ios.IOSElement$$EnhancerByCGLIB$$184e91dc.toString(<generated>)
	at java.lang.String.valueOf(String.java:2994)
	at java.lang.StringBuilder.append(StringBuilder.java:131)
	at com.quickee.driver.SharedDriver.waitUntilClickable(SharedDriver.java:163)
	at com.quickee.driver.SharedDriver.click(SharedDriver.java:79)
	at com.quickee.screens.LatestQuickeesScreen.clickProfileTab(LatestQuickeesScreen.java:52)
	at com.quickee.steps.LoginSteps.goToProfile(LoginSteps.java:54)
	at ✽.And Click on Profile link from Latest Quickees Screen(BCreateQuickee.feature:71)
]]>
            </full-stacktrace>
          </exception> <!-- cucumber.runtime.CucumberException -->
          <reporter-output>
          </reporter-output>
        </test-method> <!-- feature -->
        <test-method status="PASS" signature="feature(cucumber.api.testng.CucumberFeatureWrapper)[pri:0, instance:com.quickee.steps.RunCuke@2d554825]" name="feature" duration-ms="1008355" started-at="2018-05-30T12:57:11Z" description="Runs Cucumber Feature" data-provider="features" finished-at="2018-05-30T13:14:00Z">
          <params>
            <param index="0">
              <value>
                <![CDATA[Acceptance Testing of Hitting Like, Dislike, Giving ratings to Quickee post and adding Comment to the Quickee Post]]>
              </value>
            </param>
          </params>
          <reporter-output>
          </reporter-output>
        </test-method> <!-- feature -->
        <test-method status="FAIL" signature="feature(cucumber.api.testng.CucumberFeatureWrapper)[pri:0, instance:com.quickee.steps.RunCuke@2d554825]" name="feature" duration-ms="806505" started-at="2018-05-30T13:14:00Z" description="Runs Cucumber Feature" data-provider="features" finished-at="2018-05-30T13:27:26Z">
          <params>
            <param index="0">
              <value>
                <![CDATA[Acceptance testing of Favourites post, so that a User can able to Add Quickee Post to his/her favourite List, Deleting of a Quickee Post and Viewing of Notification listing.]]>
              </value>
            </param>
          </params>
          <exception class="cucumber.runtime.CucumberException">
            <message>
              <![CDATA[org.openqa.selenium.TimeoutException: Timed out after 30 seconds waiting for visibility of [[IOSDriver:  on MAC (df5c2588-a386-438b-ac38-78e063e65986)] -> id: ButtonMore0]
Build info: version: '2.53.0', revision: '35ae25b1534ae328c771e0856c93e187490ca824', time: '2016-03-15 10:43:46'
System info: host: 'ind126.local', ip: '10.2.6.73', os.name: 'Mac OS X', os.arch: 'x86_64', os.version: '10.11.6', java.version: '1.8.0_161'
Driver info: io.appium.java_client.ios.IOSDriver
Capabilities [{app=/Users/indianic/Documents/workspace/Quickee_Appium_Framework/App/Quickee.app, networkConnectionEnabled=false, --session-override=true, databaseEnabled=false, deviceName=iPhone 6, platform=MAC, newCommandTimeout=120, platformVersion=10.2, webStorageEnabled=false, locationContextEnabled=false, automationName=Appium, browserName=, takesScreenshot=true, javascriptEnabled=true, platformName=iOS, udid=F6D07A27-D000-4DA6-A3BF-71B1D8288CE5}]
Session ID: df5c2588-a386-438b-ac38-78e063e65986]]>
            </message>
            <full-stacktrace>
              <![CDATA[cucumber.runtime.CucumberException: org.openqa.selenium.TimeoutException: Timed out after 30 seconds waiting for visibility of [[IOSDriver:  on MAC (df5c2588-a386-438b-ac38-78e063e65986)] -> id: ButtonMore0]
Build info: version: '2.53.0', revision: '35ae25b1534ae328c771e0856c93e187490ca824', time: '2016-03-15 10:43:46'
System info: host: 'ind126.local', ip: '10.2.6.73', os.name: 'Mac OS X', os.arch: 'x86_64', os.version: '10.11.6', java.version: '1.8.0_161'
Driver info: io.appium.java_client.ios.IOSDriver
Capabilities [{app=/Users/indianic/Documents/workspace/Quickee_Appium_Framework/App/Quickee.app, networkConnectionEnabled=false, --session-override=true, databaseEnabled=false, deviceName=iPhone 6, platform=MAC, newCommandTimeout=120, platformVersion=10.2, webStorageEnabled=false, locationContextEnabled=false, automationName=Appium, browserName=, takesScreenshot=true, javascriptEnabled=true, platformName=iOS, udid=F6D07A27-D000-4DA6-A3BF-71B1D8288CE5}]
Session ID: df5c2588-a386-438b-ac38-78e063e65986
	at cucumber.api.testng.TestNGCucumberRunner.runCucumber(TestNGCucumberRunner.java:69)
	at cucumber.api.testng.AbstractTestNGCucumberTests.feature(AbstractTestNGCucumberTests.java:21)
	at sun.reflect.NativeMethodAccessorImpl.invoke0(Native Method)
	at sun.reflect.NativeMethodAccessorImpl.invoke(NativeMethodAccessorImpl.java:62)
	at sun.reflect.DelegatingMethodAccessorImpl.invoke(DelegatingMethodAccessorImpl.java:43)
	at java.lang.reflect.Method.invoke(Method.java:498)
	at org.testng.internal.MethodInvocationHelper.invokeMethod(MethodInvocationHelper.java:108)
	at org.testng.internal.Invoker.invokeMethod(Invoker.java:661)
	at org.testng.internal.Invoker.invokeTestMethod(Invoker.java:869)
	at org.testng.internal.Invoker.invokeTestMethods(Invoker.java:1193)
	at org.testng.internal.TestMethodWorker.invokeTestMethods(TestMethodWorker.java:126)
	at org.testng.internal.TestMethodWorker.run(TestMethodWorker.java:109)
	at org.testng.TestRunner.privateRun(TestRunner.java:744)
	at org.testng.TestRunner.run(TestRunner.java:602)
	at org.testng.SuiteRunner.runTest(SuiteRunner.java:380)
	at org.testng.SuiteRunner.runSequentially(SuiteRunner.java:375)
	at org.testng.SuiteRunner.privateRun(SuiteRunner.java:340)
	at org.testng.SuiteRunner.run(SuiteRunner.java:289)
	at org.testng.SuiteRunnerWorker.runSuite(SuiteRunnerWorker.java:52)
	at org.testng.SuiteRunnerWorker.run(SuiteRunnerWorker.java:86)
	at org.testng.TestNG.runSuitesSequentially(TestNG.java:1301)
	at org.testng.TestNG.runSuitesLocally(TestNG.java:1226)
	at org.testng.TestNG.runSuites(TestNG.java:1144)
	at org.testng.TestNG.run(TestNG.java:1115)
	at org.apache.maven.surefire.testng.TestNGExecutor.run(TestNGExecutor.java:295)
	at org.apache.maven.surefire.testng.TestNGXmlTestSuite.execute(TestNGXmlTestSuite.java:84)
	at org.apache.maven.surefire.testng.TestNGProvider.invoke(TestNGProvider.java:90)
	at org.apache.maven.surefire.booter.ForkedBooter.invokeProviderInSameClassLoader(ForkedBooter.java:203)
	at org.apache.maven.surefire.booter.ForkedBooter.runSuitesInProcess(ForkedBooter.java:155)
	at org.apache.maven.surefire.booter.ForkedBooter.main(ForkedBooter.java:103)
Caused by: org.openqa.selenium.TimeoutException: Timed out after 30 seconds waiting for visibility of [[IOSDriver:  on MAC (df5c2588-a386-438b-ac38-78e063e65986)] -> id: ButtonMore0]
Build info: version: '2.53.0', revision: '35ae25b1534ae328c771e0856c93e187490ca824', time: '2016-03-15 10:43:46'
System info: host: 'ind126.local', ip: '10.2.6.73', os.name: 'Mac OS X', os.arch: 'x86_64', os.version: '10.11.6', java.version: '1.8.0_161'
Driver info: io.appium.java_client.ios.IOSDriver
Capabilities [{app=/Users/indianic/Documents/workspace/Quickee_Appium_Framework/App/Quickee.app, networkConnectionEnabled=false, --session-override=true, databaseEnabled=false, deviceName=iPhone 6, platform=MAC, newCommandTimeout=120, platformVersion=10.2, webStorageEnabled=false, locationContextEnabled=false, automationName=Appium, browserName=, takesScreenshot=true, javascriptEnabled=true, platformName=iOS, udid=F6D07A27-D000-4DA6-A3BF-71B1D8288CE5}]
Session ID: df5c2588-a386-438b-ac38-78e063e65986
	at org.openqa.selenium.support.ui.WebDriverWait.timeoutException(WebDriverWait.java:80)
	at org.openqa.selenium.support.ui.FluentWait.until(FluentWait.java:261)
	at com.quickee.screens.ProfileScreen.clickOnMoreOptions(ProfileScreen.java:67)
	at com.quickee.steps.FavouriteAQucikeePost.AddQuickeeToFavourite(FavouriteAQucikeePost.java:23)
	at ✽.And Tap on More options button and select save option to favourite a quickee post(DFavouriteAPost.feature:9)
]]>
            </full-stacktrace>
          </exception> <!-- cucumber.runtime.CucumberException -->
          <reporter-output>
          </reporter-output>
        </test-method> <!-- feature -->
        <test-method status="PASS" signature="sendmail()[pri:0, instance:com.quickee.steps.RunCuke@2d554825]" name="sendmail" is-config="true" duration-ms="22354" started-at="2018-05-30T13:27:26Z" finished-at="2018-05-30T13:27:49Z">
          <reporter-output>
          </reporter-output>
        </test-method> <!-- sendmail -->
        <test-method status="PASS" signature="tearDownClass()[pri:0, instance:com.quickee.steps.RunCuke@2d554825]" name="tearDownClass" is-config="true" duration-ms="669" started-at="2018-05-30T13:27:49Z" finished-at="2018-05-30T13:27:49Z">
          <reporter-output>
          </reporter-output>
        </test-method> <!-- tearDownClass -->
      </class> <!-- com.quickee.steps.RunCuke -->
    </test> <!-- Test -->
  </suite> <!-- Suite -->
</testng-results>
