<?xml version="1.0" encoding="UTF-8"?>
<testng-results skipped="0" failed="0" ignored="0" total="4" passed="4">
  <reporter-output>
  </reporter-output>
  <suite name="Suite" duration-ms="2263371" started-at="2018-05-25T09:25:12Z" finished-at="2018-05-25T10:02:55Z">
    <groups>
      <group name="cucumber">
        <method signature="AbstractTestNGCucumberTests.feature(cucumber.api.testng.CucumberFeatureWrapper)[pri:0, instance:com.quickee.steps.RunCuke@2d554825]" name="feature" class="cucumber.api.testng.AbstractTestNGCucumberTests"/>
      </group> <!-- cucumber -->
    </groups>
    <test name="Test" duration-ms="2263371" started-at="2018-05-25T09:25:12Z" finished-at="2018-05-25T10:02:55Z">
      <class name="com.quickee.steps.RunCuke">
        <test-method status="PASS" signature="setUpClass()[pri:0, instance:com.quickee.steps.RunCuke@2d554825]" name="setUpClass" is-config="true" duration-ms="702" started-at="2018-05-25T14:55:12Z" finished-at="2018-05-25T14:55:12Z">
          <reporter-output>
          </reporter-output>
        </test-method> <!-- setUpClass -->
        <test-method status="PASS" signature="setup()[pri:0, instance:com.quickee.steps.RunCuke@2d554825]" name="setup" is-config="true" duration-ms="516" started-at="2018-05-25T14:55:12Z" finished-at="2018-05-25T14:55:13Z">
          <reporter-output>
          </reporter-output>
        </test-method> <!-- setup -->
        <test-method status="PASS" signature="feature(cucumber.api.testng.CucumberFeatureWrapper)[pri:0, instance:com.quickee.steps.RunCuke@2d554825]" name="feature" duration-ms="415096" started-at="2018-05-25T14:55:13Z" description="Runs Cucumber Feature" data-provider="features" finished-at="2018-05-25T15:02:08Z">
          <params>
            <param index="0">
              <value>
                <![CDATA[Acceptance testing for Login functionality with both Valid and Invalid User Credentials.]]>
              </value>
            </param>
          </params>
          <reporter-output>
          </reporter-output>
        </test-method> <!-- feature -->
        <test-method status="PASS" signature="feature(cucumber.api.testng.CucumberFeatureWrapper)[pri:0, instance:com.quickee.steps.RunCuke@2d554825]" name="feature" duration-ms="592282" started-at="2018-05-25T15:02:08Z" description="Runs Cucumber Feature" data-provider="features" finished-at="2018-05-25T15:12:01Z">
          <params>
            <param index="0">
              <value>
                <![CDATA[Acceptance testing of Quickee Post by Creating, Editing and Deleting a Quickee post.]]>
              </value>
            </param>
          </params>
          <reporter-output>
          </reporter-output>
        </test-method> <!-- feature -->
        <test-method status="PASS" signature="feature(cucumber.api.testng.CucumberFeatureWrapper)[pri:0, instance:com.quickee.steps.RunCuke@2d554825]" name="feature" duration-ms="700368" started-at="2018-05-25T15:12:01Z" description="Runs Cucumber Feature" data-provider="features" finished-at="2018-05-25T15:23:41Z">
          <params>
            <param index="0">
              <value>
                <![CDATA[Acceptance Testing of Hitting Like, Dislike and adding Comment to the Quickee Post]]>
              </value>
            </param>
          </params>
          <reporter-output>
          </reporter-output>
        </test-method> <!-- feature -->
        <test-method status="PASS" signature="feature(cucumber.api.testng.CucumberFeatureWrapper)[pri:0, instance:com.quickee.steps.RunCuke@2d554825]" name="feature" duration-ms="531871" started-at="2018-05-25T15:23:41Z" description="Runs Cucumber Feature" data-provider="features" finished-at="2018-05-25T15:32:33Z">
          <params>
            <param index="0">
              <value>
                <![CDATA[Acceptance testing of Favourites post, so that a User can able to Add Quickee Post to his/her favourite List]]>
              </value>
            </param>
          </params>
          <reporter-output>
          </reporter-output>
        </test-method> <!-- feature -->
        <test-method status="PASS" signature="sendmail()[pri:0, instance:com.quickee.steps.RunCuke@2d554825]" name="sendmail" is-config="true" duration-ms="22105" started-at="2018-05-25T15:32:33Z" finished-at="2018-05-25T15:32:55Z">
          <reporter-output>
          </reporter-output>
        </test-method> <!-- sendmail -->
        <test-method status="PASS" signature="tearDownClass()[pri:0, instance:com.quickee.steps.RunCuke@2d554825]" name="tearDownClass" is-config="true" duration-ms="107" started-at="2018-05-25T15:32:55Z" finished-at="2018-05-25T15:32:55Z">
          <reporter-output>
          </reporter-output>
        </test-method> <!-- tearDownClass -->
      </class> <!-- com.quickee.steps.RunCuke -->
    </test> <!-- Test -->
  </suite> <!-- Suite -->
</testng-results>
