<?xml version="1.0" encoding="UTF-8"?>
<testng-results skipped="0" failed="0" ignored="0" total="1" passed="1">
  <reporter-output>
  </reporter-output>
  <suite name="Suite" duration-ms="97217" started-at="2018-04-26T09:41:28Z" finished-at="2018-04-26T09:43:05Z">
    <groups>
      <group name="cucumber">
        <method signature="AbstractTestNGCucumberTests.feature(cucumber.api.testng.CucumberFeatureWrapper)[pri:0, instance:com.quickee.steps.RunCuke@735f7ae5]" name="feature" class="cucumber.api.testng.AbstractTestNGCucumberTests"/>
      </group> <!-- cucumber -->
    </groups>
    <test name="Test" duration-ms="97217" started-at="2018-04-26T09:41:28Z" finished-at="2018-04-26T09:43:05Z">
      <class name="com.quickee.steps.RunCuke">
        <test-method status="PASS" signature="setUpClass()[pri:0, instance:com.quickee.steps.RunCuke@735f7ae5]" name="setUpClass" is-config="true" duration-ms="722" started-at="2018-04-26T15:11:28Z" finished-at="2018-04-26T15:11:29Z">
          <reporter-output>
          </reporter-output>
        </test-method> <!-- setUpClass -->
        <test-method status="PASS" signature="setup()[pri:0, instance:com.quickee.steps.RunCuke@735f7ae5]" name="setup" is-config="true" duration-ms="481" started-at="2018-04-26T15:11:29Z" finished-at="2018-04-26T15:11:29Z">
          <reporter-output>
          </reporter-output>
        </test-method> <!-- setup -->
        <test-method status="PASS" signature="feature(cucumber.api.testng.CucumberFeatureWrapper)[pri:0, instance:com.quickee.steps.RunCuke@735f7ae5]" name="feature" duration-ms="95605" started-at="2018-04-26T15:11:30Z" description="Runs Cucumber Feature" data-provider="features" finished-at="2018-04-26T15:13:05Z">
          <params>
            <param index="0">
              <value>
                <![CDATA[Acceptance Testing is check Login and Logout functionality is working fine]]>
              </value>
            </param>
          </params>
          <reporter-output>
          </reporter-output>
        </test-method> <!-- feature -->
        <test-method status="PASS" signature="tearDownClass()[pri:0, instance:com.quickee.steps.RunCuke@735f7ae5]" name="tearDownClass" is-config="true" duration-ms="172" started-at="2018-04-26T15:13:05Z" finished-at="2018-04-26T15:13:05Z">
          <reporter-output>
          </reporter-output>
        </test-method> <!-- tearDownClass -->
      </class> <!-- com.quickee.steps.RunCuke -->
    </test> <!-- Test -->
  </suite> <!-- Suite -->
</testng-results>
