<?xml version="1.0" encoding="UTF-8"?>
<testsuite name="TestSuite" time="611.771" tests="4" errors="0" skipped="0" failures="2">
  <properties>
[...]
</properties>
  <testcase name="feature" classname="com.quickee.steps.RunCuke" time="611.771"/>
  <testcase name="feature" classname="com.quickee.steps.RunCuke" time="466.505">
    <failure message="org.openqa.selenium.NoSuchElementException: Can&apos;t locate an element by this strategy: Locator map: &#10;- native content: &quot;By.xpath: (//XCUIElementTypeOther[@name=&quot;TabBarItem_AccessibilityLabel&quot;])[4]&quot; &#10;- html content: &quot;by id or name &quot;profile&quot;&quot;&#10;For documentation on this error, please visit: http://seleniumhq.org/exceptions/no_such_element.html&#10;Build info: version: &apos;2.53.0&apos;, revision: &apos;35ae25b1534ae328c771e0856c93e187490ca824&apos;, time: &apos;2016-03-15 10:43:46&apos;&#10;System info: host: &apos;ind126.local&apos;, ip: &apos;10.2.6.73&apos;, os.name: &apos;Mac OS X&apos;, os.arch: &apos;x86_64&apos;, os.version: &apos;10.11.6&apos;, java.version: &apos;1.8.0_161&apos;&#10;Driver info: driver.version: SharedDriver" type="cucumber.runtime.CucumberException"><![CDATA[cucumber.runtime.CucumberException: org.openqa.selenium.NoSuchElementException: Can't locate an element by this strategy: Locator map: 
- native content: "By.xpath: (//XCUIElementTypeOther[@name="TabBarItem_AccessibilityLabel"])[4]" 
- html content: "by id or name "profile""
For documentation on this error, please visit: http://seleniumhq.org/exceptions/no_such_element.html
Build info: version: '2.53.0', revision: '35ae25b1534ae328c771e0856c93e187490ca824', time: '2016-03-15 10:43:46'
System info: host: 'ind126.local', ip: '10.2.6.73', os.name: 'Mac OS X', os.arch: 'x86_64', os.version: '10.11.6', java.version: '1.8.0_161'
Driver info: driver.version: SharedDriver
	at cucumber.api.testng.TestNGCucumberRunner.runCucumber(TestNGCucumberRunner.java:69)
	at cucumber.api.testng.AbstractTestNGCucumberTests.feature(AbstractTestNGCucumberTests.java:21)
	at sun.reflect.NativeMethodAccessorImpl.invoke0(Native Method)
	at sun.reflect.NativeMethodAccessorImpl.invoke(NativeMethodAccessorImpl.java:62)
	at sun.reflect.DelegatingMethodAccessorImpl.invoke(DelegatingMethodAccessorImpl.java:43)
	at java.lang.reflect.Method.invoke(Method.java:498)
	at org.testng.internal.MethodInvocationHelper.invokeMethod(MethodInvocationHelper.java:108)
	at org.testng.internal.Invoker.invokeMethod(Invoker.java:661)
	at org.testng.internal.Invoker.invokeTestMethod(Invoker.java:869)
	at org.testng.internal.Invoker.invokeTestMethods(Invoker.java:1193)
	at org.testng.internal.TestMethodWorker.invokeTestMethods(TestMethodWorker.java:126)
	at org.testng.internal.TestMethodWorker.run(TestMethodWorker.java:109)
	at org.testng.TestRunner.privateRun(TestRunner.java:744)
	at org.testng.TestRunner.run(TestRunner.java:602)
	at org.testng.SuiteRunner.runTest(SuiteRunner.java:380)
	at org.testng.SuiteRunner.runSequentially(SuiteRunner.java:375)
	at org.testng.SuiteRunner.privateRun(SuiteRunner.java:340)
	at org.testng.SuiteRunner.run(SuiteRunner.java:289)
	at org.testng.SuiteRunnerWorker.runSuite(SuiteRunnerWorker.java:52)
	at org.testng.SuiteRunnerWorker.run(SuiteRunnerWorker.java:86)
	at org.testng.TestNG.runSuitesSequentially(TestNG.java:1301)
	at org.testng.TestNG.runSuitesLocally(TestNG.java:1226)
	at org.testng.TestNG.runSuites(TestNG.java:1144)
	at org.testng.TestNG.run(TestNG.java:1115)
	at org.apache.maven.surefire.testng.TestNGExecutor.run(TestNGExecutor.java:295)
	at org.apache.maven.surefire.testng.TestNGXmlTestSuite.execute(TestNGXmlTestSuite.java:84)
	at org.apache.maven.surefire.testng.TestNGProvider.invoke(TestNGProvider.java:90)
	at org.apache.maven.surefire.booter.ForkedBooter.invokeProviderInSameClassLoader(ForkedBooter.java:203)
	at org.apache.maven.surefire.booter.ForkedBooter.runSuitesInProcess(ForkedBooter.java:155)
	at org.apache.maven.surefire.booter.ForkedBooter.main(ForkedBooter.java:103)
Caused by: org.openqa.selenium.NoSuchElementException: Can't locate an element by this strategy: Locator map: 
- native content: "By.xpath: (//XCUIElementTypeOther[@name="TabBarItem_AccessibilityLabel"])[4]" 
- html content: "by id or name "profile""
For documentation on this error, please visit: http://seleniumhq.org/exceptions/no_such_element.html
Build info: version: '2.53.0', revision: '35ae25b1534ae328c771e0856c93e187490ca824', time: '2016-03-15 10:43:46'
System info: host: 'ind126.local', ip: '10.2.6.73', os.name: 'Mac OS X', os.arch: 'x86_64', os.version: '10.11.6', java.version: '1.8.0_161'
Driver info: driver.version: SharedDriver
	at io.appium.java_client.pagefactory.AppiumElementLocator.findElement(AppiumElementLocator.java:110)
	at io.appium.java_client.pagefactory.interceptors.InterceptorOfASingleElement.intercept(InterceptorOfASingleElement.java:57)
	at io.appium.java_client.ios.IOSElement$$EnhancerByCGLIB$$184e91dc.toString(<generated>)
	at java.lang.String.valueOf(String.java:2994)
	at java.lang.StringBuilder.append(StringBuilder.java:131)
	at com.quickee.driver.SharedDriver.waitUntilClickable(SharedDriver.java:163)
	at com.quickee.driver.SharedDriver.click(SharedDriver.java:79)
	at com.quickee.screens.LatestQuickeesScreen.clickProfileTab(LatestQuickeesScreen.java:52)
	at com.quickee.steps.LoginSteps.goToProfile(LoginSteps.java:54)
	at ✽.And Click on Profile link from Latest Quickees Screen(BCreateQuickee.feature:71)
]]></failure>
    <system-out><![CDATA[@QuickeePost
Feature: Acceptance testing of Quickee Post by Creating, Editing a post.
Tap on Ok
Swipe :DOWN
Swipe :DOWN
Swipe :DOWN
Tap on Ok

  #	@CreateQuickeeAnonymously
  #Scenario: As a User I want to able to create a Quickee
  # Given Click on Login link on Get Started Screen
  # Then Tap on EmailAddress button on Welcome Screen
  #  When Enter Email and Password and click on Sign In button
  # And Click on addnew link from Latest Quickees Screen
  # And Click on Anonymously icon from QuickeeTypeScreen
  # And Click on Next button
  # Then User will navigate to Map view screen and select any one Store
  # Then Add Title and Description to that selected store and tap on Next button
  # Then User will get the preview screen and tap on next button
  # Then User will provide rating to the quickee
  # Then User will provide Quickee badge and then tap on Post quickee button
  #  And Click on Profile link from Latest Quickees Screen
  # And Click on Settings icon from profile Screen
  # And Click on LogOut tab
  # Then User should be successfully LogOut
  @CreateQuickeeWithImage
  Scenario: As a Registered User, i want to tap on Add new icon so that i can create a Quickee post with Image &amp#27;[90m# BCreateQuickee.feature:25&amp#27;[0m
    &amp#27;[32mGiven &amp#27;[0m&amp#27;[32mClick on Login link on Get Started Screen&amp#27;[0m                                                            &amp#27;[90m# LoginSteps.goToLoginScreen()&amp#27;[0m
    &amp#27;[32mThen &amp#27;[0m&amp#27;[32mTap on EmailAddress button on Welcome Screen&amp#27;[0m                                                          &amp#27;[90m# LoginSteps.taponEmailAddress()&amp#27;[0m
    &amp#27;[32mWhen &amp#27;[0m&amp#27;[32mEnter Email and Password and click on Sign In button&amp#27;[0m                                                  &amp#27;[90m# LoginSteps.enterEmailAndPassword()&amp#27;[0m
    &amp#27;[32mAnd &amp#27;[0m&amp#27;[32mClick on addnew link from Latest Quickees Screen&amp#27;[0m                                                       &amp#27;[90m# Create_Quickee.click_on_addnew_link_from_Latest_Quickees_Screen()&amp#27;[0m
    &amp#27;[32mAnd &amp#27;[0m&amp#27;[32mClick on Anonymously icon from QuickeeTypeScreen&amp#27;[0m                                                       &amp#27;[90m# Create_Quickee.click_on_Anonymously_icon_from_QuickeeTypeScreen()&amp#27;[0m
    &amp#27;[32mAnd &amp#27;[0m&amp#27;[32mClick on Next button&amp#27;[0m                                                                                   &amp#27;[90m# Create_Quickee.click_on_Next_button()&amp#27;[0m
    &amp#27;[32mThen &amp#27;[0m&amp#27;[32mUser will navigate to Map view screen and select any one Store&amp#27;[0m                                        &amp#27;[90m# Create_Quickee.User_will_navigate_to_Map_view_screen_and_select_any_one_Store()&amp#27;[0m
    &amp#27;[32mThen &amp#27;[0m&amp#27;[32mAdd Title and Description to that selected store and tap on Next button&amp#27;[0m                               &amp#27;[90m# Create_Quickee.Add_Title_and_Description_to_that_selected_store_and_tap_on_Next_button()&amp#27;[0m
    &amp#27;[32mAnd &amp#27;[0m&amp#27;[32mTap on Image icon and select an image from gallery to upload&amp#27;[0m                                           &amp#27;[90m# QuickeeWithImage.AddImage()&amp#27;[0m
    &amp#27;[32mThen &amp#27;[0m&amp#27;[32mUser will get the preview screen and tap on next button&amp#27;[0m                                               &amp#27;[90m# Create_Quickee.User_will_get_the_preview_screen_and_tap_on_next_button()&amp#27;[0m
    &amp#27;[32mThen &amp#27;[0m&amp#27;[32mUser will provide rating to the quickee&amp#27;[0m                                                               &amp#27;[90m# Create_Quickee.User_will_provide_rating_to_the_quickee()&amp#27;[0m
    &amp#27;[32mThen &amp#27;[0m&amp#27;[32mUser will provide Quickee badge and then tap on Post quickee button&amp#27;[0m                                   &amp#27;[90m# Create_Quickee.User_will_provide_Quickee_badge_and_then_tap_on_Post_quickee_button()&amp#27;[0m
Tap on Ok

  #  And Click on Profile link from Latest Quickees Screen
  # And Click on Settings icon from profile Screen
  # And Click on LogOut tab
  # Then User should be successfully LogOut
  #  @CreateQuickeeWithVideo
  # Scenario: As a Registered User, i want to tap on Add new icon so that i can create a Quickee post with Image
  #  Given Click on Login link on Get Started Screen
  #   Then Tap on EmailAddress button on Welcome Screen
  #   When Enter Email and Password and click on Sign In button
  #   And Click on addnew link from Latest Quickees Screen
  #   And Click on Anonymously icon from QuickeeTypeScreen
  #   And Click on Next button
  #   Then User will navigate to Map view screen and select any one Store
  #  Then Add Title and Description to that selected store and tap on Next button
  #  And Tap on Image icon and select an video from gallery to upload
  #   Then User will get the preview screen and tap on next button
  #   Then User will provide rating to the quickee
  #   Then User will provide Quickee badge and then tap on Post quickee button
  #    And Click on Profile link from Latest Quickees Screen
  #   And Click on Settings icon from profile Screen
  #   And Click on LogOut tab
  #  Then User should be successfully LogOut
  @EditQuickee
  Scenario: As a Registered User, i want to tap on More Options from Profile screen so that i can select Edit option to edit quickee post. &amp#27;[90m# BCreateQuickee.feature:66&amp#27;[0m
    &amp#27;[32mGiven &amp#27;[0m&amp#27;[32mClick on Login link on Get Started Screen&amp#27;[0m                                                                                        &amp#27;[90m# LoginSteps.goToLoginScreen()&amp#27;[0m
    &amp#27;[32mThen &amp#27;[0m&amp#27;[32mTap on EmailAddress button on Welcome Screen&amp#27;[0m                                                                                      &amp#27;[90m# LoginSteps.taponEmailAddress()&amp#27;[0m
    &amp#27;[32mWhen &amp#27;[0m&amp#27;[32mEnter Email and Password and click on Sign In button&amp#27;[0m                                                                              &amp#27;[90m# LoginSteps.enterEmailAndPassword()&amp#27;[0m
    &amp#27;[31mAnd &amp#27;[0m&amp#27;[31mClick on Profile link from Latest Quickees Screen&amp#27;[0m                                                                                  &amp#27;[90m# LoginSteps.goToProfile()&amp#27;[0m
      &amp#27;[31morg.openqa.selenium.NoSuchElementException: Can't locate an element by this strategy: Locator map: 
      - native content: "By.xpath: (//XCUIElementTypeOther[@name="TabBarItem_AccessibilityLabel"])[4]" 
      - html content: "by id or name "profile""
      For documentation on this error, please visit: http://seleniumhq.org/exceptions/no_such_element.html
      Build info: version: '2.53.0', revision: '35ae25b1534ae328c771e0856c93e187490ca824', time: '2016-03-15 10:43:46'
      System info: host: 'ind126.local', ip: '10.2.6.73', os.name: 'Mac OS X', os.arch: 'x86_64', os.version: '10.11.6', java.version: '1.8.0_161'
      Driver info: driver.version: SharedDriver
      	at io.appium.java_client.pagefactory.AppiumElementLocator.findElement(AppiumElementLocator.java:110)
      	at io.appium.java_client.pagefactory.interceptors.InterceptorOfASingleElement.intercept(InterceptorOfASingleElement.java:57)
      	at io.appium.java_client.ios.IOSElement$$EnhancerByCGLIB$$184e91dc.toString(<generated>)
      	at java.lang.String.valueOf(String.java:2994)
      	at java.lang.StringBuilder.append(StringBuilder.java:131)
      	at com.quickee.driver.SharedDriver.waitUntilClickable(SharedDriver.java:163)
      	at com.quickee.driver.SharedDriver.click(SharedDriver.java:79)
      	at com.quickee.screens.LatestQuickeesScreen.clickProfileTab(LatestQuickeesScreen.java:52)
      	at com.quickee.steps.LoginSteps.goToProfile(LoginSteps.java:54)
      	at ✽.And Click on Profile link from Latest Quickees Screen(BCreateQuickee.feature:71)
      &amp#27;[0m
    &amp#27;[36mAnd &amp#27;[0m&amp#27;[36mTap on More options button and select Edit post option to Edit quickee post&amp#27;[0m                                                        &amp#27;[90m# Edit_Quickee.SelectEdit()&amp#27;[0m
    &amp#27;[36mThen &amp#27;[0m&amp#27;[36mAdd text/Description/image and tap on Save button to save quickee post&amp#27;[0m                                                            &amp#27;[90m# Edit_Quickee.SelectSave()&amp#27;[0m
]]></system-out>
  </testcase>
  <testcase name="feature" classname="com.quickee.steps.RunCuke" time="1,008.186"/>
  <testcase name="feature" classname="com.quickee.steps.RunCuke" time="806.56">
    <failure message="org.openqa.selenium.TimeoutException: Timed out after 30 seconds waiting for visibility of [[IOSDriver:  on MAC (df5c2588-a386-438b-ac38-78e063e65986)] -&gt; id: ButtonMore0]&#10;Build info: version: &apos;2.53.0&apos;, revision: &apos;35ae25b1534ae328c771e0856c93e187490ca824&apos;, time: &apos;2016-03-15 10:43:46&apos;&#10;System info: host: &apos;ind126.local&apos;, ip: &apos;10.2.6.73&apos;, os.name: &apos;Mac OS X&apos;, os.arch: &apos;x86_64&apos;, os.version: &apos;10.11.6&apos;, java.version: &apos;1.8.0_161&apos;&#10;Driver info: io.appium.java_client.ios.IOSDriver&#10;Capabilities [{app=/Users/indianic/Documents/workspace/Quickee_Appium_Framework/App/Quickee.app, networkConnectionEnabled=false, --session-override=true, databaseEnabled=false, deviceName=iPhone 6, platform=MAC, newCommandTimeout=120, platformVersion=10.2, webStorageEnabled=false, locationContextEnabled=false, automationName=Appium, browserName=, takesScreenshot=true, javascriptEnabled=true, platformName=iOS, udid=F6D07A27-D000-4DA6-A3BF-71B1D8288CE5}]&#10;Session ID: df5c2588-a386-438b-ac38-78e063e65986" type="cucumber.runtime.CucumberException">cucumber.runtime.CucumberException: org.openqa.selenium.TimeoutException: Timed out after 30 seconds waiting for visibility of [[IOSDriver:  on MAC (df5c2588-a386-438b-ac38-78e063e65986)] -> id: ButtonMore0]
Build info: version: '2.53.0', revision: '35ae25b1534ae328c771e0856c93e187490ca824', time: '2016-03-15 10:43:46'
System info: host: 'ind126.local', ip: '10.2.6.73', os.name: 'Mac OS X', os.arch: 'x86_64', os.version: '10.11.6', java.version: '1.8.0_161'
Driver info: io.appium.java_client.ios.IOSDriver
Capabilities [{app=/Users/indianic/Documents/workspace/Quickee_Appium_Framework/App/Quickee.app, networkConnectionEnabled=false, --session-override=true, databaseEnabled=false, deviceName=iPhone 6, platform=MAC, newCommandTimeout=120, platformVersion=10.2, webStorageEnabled=false, locationContextEnabled=false, automationName=Appium, browserName=, takesScreenshot=true, javascriptEnabled=true, platformName=iOS, udid=F6D07A27-D000-4DA6-A3BF-71B1D8288CE5}]
Session ID: df5c2588-a386-438b-ac38-78e063e65986
	at cucumber.api.testng.TestNGCucumberRunner.runCucumber(TestNGCucumberRunner.java:69)
	at cucumber.api.testng.AbstractTestNGCucumberTests.feature(AbstractTestNGCucumberTests.java:21)
	at sun.reflect.NativeMethodAccessorImpl.invoke0(Native Method)
	at sun.reflect.NativeMethodAccessorImpl.invoke(NativeMethodAccessorImpl.java:62)
	at sun.reflect.DelegatingMethodAccessorImpl.invoke(DelegatingMethodAccessorImpl.java:43)
	at java.lang.reflect.Method.invoke(Method.java:498)
	at org.testng.internal.MethodInvocationHelper.invokeMethod(MethodInvocationHelper.java:108)
	at org.testng.internal.Invoker.invokeMethod(Invoker.java:661)
	at org.testng.internal.Invoker.invokeTestMethod(Invoker.java:869)
	at org.testng.internal.Invoker.invokeTestMethods(Invoker.java:1193)
	at org.testng.internal.TestMethodWorker.invokeTestMethods(TestMethodWorker.java:126)
	at org.testng.internal.TestMethodWorker.run(TestMethodWorker.java:109)
	at org.testng.TestRunner.privateRun(TestRunner.java:744)
	at org.testng.TestRunner.run(TestRunner.java:602)
	at org.testng.SuiteRunner.runTest(SuiteRunner.java:380)
	at org.testng.SuiteRunner.runSequentially(SuiteRunner.java:375)
	at org.testng.SuiteRunner.privateRun(SuiteRunner.java:340)
	at org.testng.SuiteRunner.run(SuiteRunner.java:289)
	at org.testng.SuiteRunnerWorker.runSuite(SuiteRunnerWorker.java:52)
	at org.testng.SuiteRunnerWorker.run(SuiteRunnerWorker.java:86)
	at org.testng.TestNG.runSuitesSequentially(TestNG.java:1301)
	at org.testng.TestNG.runSuitesLocally(TestNG.java:1226)
	at org.testng.TestNG.runSuites(TestNG.java:1144)
	at org.testng.TestNG.run(TestNG.java:1115)
	at org.apache.maven.surefire.testng.TestNGExecutor.run(TestNGExecutor.java:295)
	at org.apache.maven.surefire.testng.TestNGXmlTestSuite.execute(TestNGXmlTestSuite.java:84)
	at org.apache.maven.surefire.testng.TestNGProvider.invoke(TestNGProvider.java:90)
	at org.apache.maven.surefire.booter.ForkedBooter.invokeProviderInSameClassLoader(ForkedBooter.java:203)
	at org.apache.maven.surefire.booter.ForkedBooter.runSuitesInProcess(ForkedBooter.java:155)
	at org.apache.maven.surefire.booter.ForkedBooter.main(ForkedBooter.java:103)
Caused by: org.openqa.selenium.TimeoutException: Timed out after 30 seconds waiting for visibility of [[IOSDriver:  on MAC (df5c2588-a386-438b-ac38-78e063e65986)] -> id: ButtonMore0]
Build info: version: '2.53.0', revision: '35ae25b1534ae328c771e0856c93e187490ca824', time: '2016-03-15 10:43:46'
System info: host: 'ind126.local', ip: '10.2.6.73', os.name: 'Mac OS X', os.arch: 'x86_64', os.version: '10.11.6', java.version: '1.8.0_161'
Driver info: io.appium.java_client.ios.IOSDriver
Capabilities [{app=/Users/indianic/Documents/workspace/Quickee_Appium_Framework/App/Quickee.app, networkConnectionEnabled=false, --session-override=true, databaseEnabled=false, deviceName=iPhone 6, platform=MAC, newCommandTimeout=120, platformVersion=10.2, webStorageEnabled=false, locationContextEnabled=false, automationName=Appium, browserName=, takesScreenshot=true, javascriptEnabled=true, platformName=iOS, udid=F6D07A27-D000-4DA6-A3BF-71B1D8288CE5}]
Session ID: df5c2588-a386-438b-ac38-78e063e65986
	at org.openqa.selenium.support.ui.WebDriverWait.timeoutException(WebDriverWait.java:80)
	at org.openqa.selenium.support.ui.FluentWait.until(FluentWait.java:261)
	at com.quickee.screens.ProfileScreen.clickOnMoreOptions(ProfileScreen.java:67)
	at com.quickee.steps.FavouriteAQucikeePost.AddQuickeeToFavourite(FavouriteAQucikeePost.java:23)
	at ✽.And Tap on More options button and select save option to favourite a quickee post(DFavouriteAPost.feature:9)
</failure>
    <system-out><![CDATA[@AddPostToFavouriteList
Feature: Acceptance testing of Favourites post, so that a User can able to Add Quickee Post to his/her favourite List, Deleting of a Quickee Post and Viewing of Notification listing.
Tap on Ok

  Scenario: As a Registered User, i want to select a quickee to Save as Favourite so that users can see selected post in Favourite list                   &amp#27;[90m# DFavouriteAPost.feature:3&amp#27;[0m
    &amp#27;[32mGiven &amp#27;[0m&amp#27;[32mClick on Login link on Get Started Screen&amp#27;[0m                                                                                                       &amp#27;[90m# LoginSteps.goToLoginScreen()&amp#27;[0m
    &amp#27;[32mThen &amp#27;[0m&amp#27;[32mTap on EmailAddress button on Welcome Screen&amp#27;[0m                                                                                                     &amp#27;[90m# LoginSteps.taponEmailAddress()&amp#27;[0m
    &amp#27;[32mWhen &amp#27;[0m&amp#27;[32mEnter Email and Password and click on Sign In button&amp#27;[0m                                                                                             &amp#27;[90m# LoginSteps.enterEmailAndPassword()&amp#27;[0m
    &amp#27;[32mAnd &amp#27;[0m&amp#27;[32mClick on Profile link from Latest Quickees Screen&amp#27;[0m                                                                                                 &amp#27;[90m# LoginSteps.goToProfile()&amp#27;[0m
    &amp#27;[31mAnd &amp#27;[0m&amp#27;[31mTap on More options button and select save option to favourite a quickee post&amp#27;[0m                                                                     &amp#27;[90m# FavouriteAQucikeePost.AddQuickeeToFavourite()&amp#27;[0m
      &amp#27;[31morg.openqa.selenium.TimeoutException: Timed out after 30 seconds waiting for visibility of [[IOSDriver:  on MAC (df5c2588-a386-438b-ac38-78e063e65986)] -> id: ButtonMore0]
      Build info: version: '2.53.0', revision: '35ae25b1534ae328c771e0856c93e187490ca824', time: '2016-03-15 10:43:46'
      System info: host: 'ind126.local', ip: '10.2.6.73', os.name: 'Mac OS X', os.arch: 'x86_64', os.version: '10.11.6', java.version: '1.8.0_161'
      Driver info: io.appium.java_client.ios.IOSDriver
      Capabilities [{app=/Users/indianic/Documents/workspace/Quickee_Appium_Framework/App/Quickee.app, networkConnectionEnabled=false, --session-override=true, databaseEnabled=false, deviceName=iPhone 6, platform=MAC, newCommandTimeout=120, platformVersion=10.2, webStorageEnabled=false, locationContextEnabled=false, automationName=Appium, browserName=, takesScreenshot=true, javascriptEnabled=true, platformName=iOS, udid=F6D07A27-D000-4DA6-A3BF-71B1D8288CE5}]
      Session ID: df5c2588-a386-438b-ac38-78e063e65986
      	at org.openqa.selenium.support.ui.WebDriverWait.timeoutException(WebDriverWait.java:80)
      	at org.openqa.selenium.support.ui.FluentWait.until(FluentWait.java:261)
      	at com.quickee.screens.ProfileScreen.clickOnMoreOptions(ProfileScreen.java:67)
      	at com.quickee.steps.FavouriteAQucikeePost.AddQuickeeToFavourite(FavouriteAQucikeePost.java:23)
      	at ✽.And Tap on More options button and select save option to favourite a quickee post(DFavouriteAPost.feature:9)
      &amp#27;[0m
    &amp#27;[36mAnd &amp#27;[0m&amp#27;[36mTap on love icon from Profile screen to view the list of all the Favourite's Post and then tap on back button to redirect again to profile screen&amp#27;[0m &amp#27;[90m# FavouriteAQucikeePost.ViewFavouriteQuickeeList()&amp#27;[0m
Tap on Ok

  # And Click on Settings icon from profile Screen
  # And Click on LogOut tab
  # Then User should be successfully LogOut
  @DeleteQuickee
  Scenario: As a Registered User, i want to select Delete Quickee options so that User can delete his/her Quickee Post &amp#27;[90m# DFavouriteAPost.feature:18&amp#27;[0m
    &amp#27;[32mGiven &amp#27;[0m&amp#27;[32mClick on Login link on Get Started Screen&amp#27;[0m                                                                    &amp#27;[90m# LoginSteps.goToLoginScreen()&amp#27;[0m
    &amp#27;[32mThen &amp#27;[0m&amp#27;[32mTap on EmailAddress button on Welcome Screen&amp#27;[0m                                                                  &amp#27;[90m# LoginSteps.taponEmailAddress()&amp#27;[0m
    &amp#27;[32mWhen &amp#27;[0m&amp#27;[32mEnter Email and Password and click on Sign In button&amp#27;[0m                                                          &amp#27;[90m# LoginSteps.enterEmailAndPassword()&amp#27;[0m
    &amp#27;[32mAnd &amp#27;[0m&amp#27;[32mClick on Profile link from Latest Quickees Screen&amp#27;[0m                                                              &amp#27;[90m# LoginSteps.goToProfile()&amp#27;[0m
    &amp#27;[31mAnd &amp#27;[0m&amp#27;[31mTap on More options button and select delete post option to delete a quickee post&amp#27;[0m                              &amp#27;[90m# Delete_Quickee.DeleteQuickeePost()&amp#27;[0m
      &amp#27;[31morg.openqa.selenium.WebDriverException: An unknown server-side error occurred while processing the command. Original error: Could not proxy. Proxy error: Could not proxy command to remote server. Original error: Error: socket hang up (WARNING: The server did not provide any stacktrace information)
      Command duration or timeout: 25.23 seconds
      Build info: version: '2.53.0', revision: '35ae25b1534ae328c771e0856c93e187490ca824', time: '2016-03-15 10:43:46'
      System info: host: 'ind126.local', ip: '10.2.6.73', os.name: 'Mac OS X', os.arch: 'x86_64', os.version: '10.11.6', java.version: '1.8.0_161'
      Driver info: io.appium.java_client.ios.IOSDriver
      Capabilities [{app=/Users/indianic/Documents/workspace/Quickee_Appium_Framework/App/Quickee.app, networkConnectionEnabled=false, --session-override=true, databaseEnabled=false, deviceName=iPhone 6, platform=MAC, newCommandTimeout=120, platformVersion=10.2, webStorageEnabled=false, locationContextEnabled=false, automationName=Appium, browserName=, takesScreenshot=true, javascriptEnabled=true, platformName=iOS, udid=F6D07A27-D000-4DA6-A3BF-71B1D8288CE5}]
      Session ID: df5c2588-a386-438b-ac38-78e063e65986
      	at sun.reflect.NativeConstructorAccessorImpl.newInstance0(Native Method)
      	at sun.reflect.NativeConstructorAccessorImpl.newInstance(NativeConstructorAccessorImpl.java:62)
      	at sun.reflect.DelegatingConstructorAccessorImpl.newInstance(DelegatingConstructorAccessorImpl.java:45)
      	at java.lang.reflect.Constructor.newInstance(Constructor.java:423)
      	at org.openqa.selenium.remote.ErrorHandler.createThrowable(ErrorHandler.java:206)
      	at org.openqa.selenium.remote.ErrorHandler.throwIfResponseFailed(ErrorHandler.java:158)
      	at org.openqa.selenium.remote.RemoteWebDriver.execute(RemoteWebDriver.java:678)
      	at io.appium.java_client.DefaultGenericMobileDriver.execute(DefaultGenericMobileDriver.java:40)
      	at io.appium.java_client.AppiumDriver.execute(AppiumDriver.java:1)
      	at io.appium.java_client.ios.IOSDriver.execute(IOSDriver.java:1)
      	at org.openqa.selenium.remote.RemoteWebElement.execute(RemoteWebElement.java:327)
      	at io.appium.java_client.DefaultGenericMobileElement.execute(DefaultGenericMobileElement.java:33)
      	at io.appium.java_client.MobileElement.execute(MobileElement.java:1)
      	at io.appium.java_client.ios.IOSElement.execute(IOSElement.java:1)
      	at org.openqa.selenium.remote.RemoteWebElement.isDisplayed(RemoteWebElement.java:368)
      	at sun.reflect.GeneratedMethodAccessor21.invoke(Unknown Source)
      	at sun.reflect.DelegatingMethodAccessorImpl.invoke(DelegatingMethodAccessorImpl.java:43)
      	at java.lang.reflect.Method.invoke(Method.java:498)
      	at io.appium.java_client.pagefactory.ElementInterceptor.getObject(ElementInterceptor.java:39)
      	at io.appium.java_client.pagefactory.interceptors.InterceptorOfASingleElement.intercept(InterceptorOfASingleElement.java:58)
      	at io.appium.java_client.ios.IOSElement$$EnhancerByCGLIB$$184e91dc.isDisplayed(<generated>)
      	at org.openqa.selenium.support.ui.ExpectedConditions.elementIfVisible(ExpectedConditions.java:302)
      	at org.openqa.selenium.support.ui.ExpectedConditions.access$100(ExpectedConditions.java:41)
      	at org.openqa.selenium.support.ui.ExpectedConditions$10.apply(ExpectedConditions.java:288)
      	at org.openqa.selenium.support.ui.ExpectedConditions$10.apply(ExpectedConditions.java:285)
      	at org.openqa.selenium.support.ui.FluentWait.until(FluentWait.java:238)
      	at com.quickee.screens.ProfileScreen.clickOnMoreOptions(ProfileScreen.java:67)
      	at com.quickee.steps.Delete_Quickee.DeleteQuickeePost(Delete_Quickee.java:13)
      	at ✽.And Tap on More options button and select delete post option to delete a quickee post(DFavouriteAPost.feature:24)
      &amp#27;[0m
Tap on Ok

  # And Click on Settings icon from profile Screen
  # And Click on LogOut tab
  # Then User should be successfully LogOut
  @Notifications
  Scenario: As a Registered User, i want to tap on Notification icon, so that i can able to see Notification listing. &amp#27;[90m# DFavouriteAPost.feature:30&amp#27;[0m
    &amp#27;[32mGiven &amp#27;[0m&amp#27;[32mClick on Login link on Get Started Screen&amp#27;[0m                                                                   &amp#27;[90m# LoginSteps.goToLoginScreen()&amp#27;[0m
    &amp#27;[32mThen &amp#27;[0m&amp#27;[32mTap on EmailAddress button on Welcome Screen&amp#27;[0m                                                                 &amp#27;[90m# LoginSteps.taponEmailAddress()&amp#27;[0m
    &amp#27;[32mWhen &amp#27;[0m&amp#27;[32mEnter Email and Password and click on Sign In button&amp#27;[0m                                                         &amp#27;[90m# LoginSteps.enterEmailAndPassword()&amp#27;[0m
    &amp#27;[32mAnd &amp#27;[0m&amp#27;[32mClick on Profile link from Latest Quickees Screen&amp#27;[0m                                                             &amp#27;[90m# LoginSteps.goToProfile()&amp#27;[0m
    &amp#27;[32mThen &amp#27;[0m&amp#27;[32mClick on Notification icon&amp#27;[0m                                                                                   &amp#27;[90m# NotificationLisitng.Notifications()&amp#27;[0m
    &amp#27;[32mAnd &amp#27;[0m&amp#27;[32mSelect any one Notification from User's Notification listing&amp#27;[0m                                                  &amp#27;[90m# NotificationLisitng.selectFromListing()&amp#27;[0m
]]></system-out>
  </testcase>
</testsuite>