<?xml version="1.0" encoding="UTF-8"?>
<testng-results skipped="0" failed="0" ignored="0" total="2" passed="2">
  <reporter-output>
  </reporter-output>
  <suite name="Suite" duration-ms="747650" started-at="2018-05-01T09:24:08Z" finished-at="2018-05-01T09:36:36Z">
    <groups>
      <group name="cucumber">
        <method signature="AbstractTestNGCucumberTests.feature(cucumber.api.testng.CucumberFeatureWrapper)[pri:0, instance:com.quickee.steps.RunCuke@2d554825]" name="feature" class="cucumber.api.testng.AbstractTestNGCucumberTests"/>
      </group> <!-- cucumber -->
    </groups>
    <test name="Test" duration-ms="747650" started-at="2018-05-01T09:24:08Z" finished-at="2018-05-01T09:36:36Z">
      <class name="com.quickee.steps.RunCuke">
        <test-method status="PASS" signature="setUpClass()[pri:0, instance:com.quickee.steps.RunCuke@2d554825]" name="setUpClass" is-config="true" duration-ms="3622" started-at="2018-05-01T14:54:08Z" finished-at="2018-05-01T14:54:12Z">
          <reporter-output>
          </reporter-output>
        </test-method> <!-- setUpClass -->
        <test-method status="PASS" signature="setup()[pri:0, instance:com.quickee.steps.RunCuke@2d554825]" name="setup" is-config="true" duration-ms="3104" started-at="2018-05-01T14:54:12Z" finished-at="2018-05-01T14:54:15Z">
          <reporter-output>
          </reporter-output>
        </test-method> <!-- setup -->
        <test-method status="PASS" signature="feature(cucumber.api.testng.CucumberFeatureWrapper)[pri:0, instance:com.quickee.steps.RunCuke@2d554825]" name="feature" duration-ms="410732" started-at="2018-05-01T14:54:17Z" description="Runs Cucumber Feature" data-provider="features" finished-at="2018-05-01T15:01:07Z">
          <params>
            <param index="0">
              <value>
                <![CDATA[Acceptance Testing is check Login and Logout functionality is working fine]]>
              </value>
            </param>
          </params>
          <reporter-output>
          </reporter-output>
        </test-method> <!-- feature -->
        <test-method status="PASS" signature="feature(cucumber.api.testng.CucumberFeatureWrapper)[pri:0, instance:com.quickee.steps.RunCuke@2d554825]" name="feature" duration-ms="321058" started-at="2018-05-01T15:01:07Z" description="Runs Cucumber Feature" data-provider="features" finished-at="2018-05-01T15:06:28Z">
          <params>
            <param index="0">
              <value>
                <![CDATA[Acceptance Testing is check upload profile picture functioanlity is working fine]]>
              </value>
            </param>
          </params>
          <reporter-output>
          </reporter-output>
        </test-method> <!-- feature -->
        <test-method status="PASS" signature="sendmail()[pri:0, instance:com.quickee.steps.RunCuke@2d554825]" name="sendmail" is-config="true" duration-ms="7310" started-at="2018-05-01T15:06:28Z" finished-at="2018-05-01T15:06:36Z">
          <reporter-output>
          </reporter-output>
        </test-method> <!-- sendmail -->
        <test-method status="PASS" signature="tearDownClass()[pri:0, instance:com.quickee.steps.RunCuke@2d554825]" name="tearDownClass" is-config="true" duration-ms="185" started-at="2018-05-01T15:06:36Z" finished-at="2018-05-01T15:06:36Z">
          <reporter-output>
          </reporter-output>
        </test-method> <!-- tearDownClass -->
      </class> <!-- com.quickee.steps.RunCuke -->
    </test> <!-- Test -->
  </suite> <!-- Suite -->
</testng-results>
